2026-01-07T09:22:35.195+01:00  INFO 7060 --- [cruud] [main] c.exprivia.nest.cruud.CruudApplication   : Starting CruudApplication using Java 21.0.8 with PID 7060 (C:\Users\gaturturro\Desktop\WorkSpace\cruud_locale\target\classes started by gaturturro in C:\Users\gaturturro\Desktop\WorkSpace\cruud_locale)
2026-01-07T09:22:35.251+01:00 DEBUG 7060 --- [cruud] [main] c.exprivia.nest.cruud.CruudApplication   : Running with Spring Boot v3.4.1, Spring v6.2.1
2026-01-07T09:22:35.263+01:00  INFO 7060 --- [cruud] [main] c.exprivia.nest.cruud.CruudApplication   : The following 1 profile is active: "dev"
2026-01-07T09:22:40.778+01:00  INFO 7060 --- [cruud] [main] .s.d.r.c.RepositoryConfigurationDelegate : Bootstrapping Spring Data MongoDB repositories in DEFAULT mode.
2026-01-07T09:22:40.984+01:00  INFO 7060 --- [cruud] [main] .s.d.r.c.RepositoryConfigurationDelegate : Finished Spring Data repository scanning in 186 ms. Found 2 MongoDB repository interfaces.
2026-01-07T09:22:42.652+01:00  INFO 7060 --- [cruud] [main] o.s.b.w.embedded.tomcat.TomcatWebServer  : Tomcat initialized with port 8090 (http)
2026-01-07T09:22:42.698+01:00  INFO 7060 --- [cruud] [main] o.apache.catalina.core.StandardService   : Starting service [Tomcat]
2026-01-07T09:22:42.699+01:00  INFO 7060 --- [cruud] [main] o.apache.catalina.core.StandardEngine    : Starting Servlet engine: [Apache Tomcat/10.1.34]
2026-01-07T09:22:42.833+01:00  INFO 7060 --- [cruud] [main] o.a.c.c.C.[Tomcat].[localhost].[/]       : Initializing Spring embedded WebApplicationContext
2026-01-07T09:22:42.835+01:00  INFO 7060 --- [cruud] [main] w.s.c.ServletWebServerApplicationContext : Root WebApplicationContext: initialization completed in 7316 ms
2026-01-07T09:22:44.116+01:00  INFO 7060 --- [cruud] [main] org.mongodb.driver.client                : MongoClient with metadata {"driver": {"name": "mongo-java-driver|sync|spring-boot", "version": "5.2.1"}, "os": {"type": "Windows", "name": "Windows 11", "architecture": "amd64", "version": "10.0"}, "platform": "Java/Eclipse Adoptium/21.0.8+9-LTS"} created with settings MongoClientSettings{readPreference=primary, writeConcern=WriteConcern{w=null, wTimeout=null ms, journal=null}, retryWrites=true, retryReads=true, readConcern=ReadConcern{level=null}, credential=MongoCredential{mechanism=null, userName='admin', source='admin', password=<hidden>, mechanismProperties=<hidden>}, transportSettings=null, commandListeners=[io.micrometer.core.instrument.binder.mongodb.MongoMetricsCommandListener@37314843], codecRegistry=ProvidersCodecRegistry{codecProviders=[ValueCodecProvider{}, BsonValueCodecProvider{}, DBRefCodecProvider{}, DBObjectCodecProvider{}, DocumentCodecProvider{}, CollectionCodecProvider{}, IterableCodecProvider{}, MapCodecProvider{}, GeoJsonCodecProvider{}, GridFSFileCodecProvider{}, Jsr310CodecProvider{}, JsonObjectCodecProvider{}, BsonCodecProvider{}, EnumCodecProvider{}, com.mongodb.client.model.mql.ExpressionCodecProvider@5fb7ab9c, com.mongodb.Jep395RecordCodecProvider@6734ff92, com.mongodb.KotlinCodecProvider@51eb0e84]}, loggerSettings=LoggerSettings{maxDocumentLength=1000}, clusterSettings={hosts=[localhost:27017], srvServiceName=mongodb, mode=SINGLE, requiredClusterType=UNKNOWN, requiredReplicaSetName='null', serverSelector='null', clusterListeners='[]', serverSelectionTimeout='30000 ms', localThreshold='15 ms'}, socketSettings=SocketSettings{connectTimeoutMS=10000, readTimeoutMS=0, receiveBufferSize=0, proxySettings=ProxySettings{host=null, port=null, username=null, password=null}}, heartbeatSocketSettings=SocketSettings{connectTimeoutMS=10000, readTimeoutMS=10000, receiveBufferSize=0, proxySettings=ProxySettings{host=null, port=null, username=null, password=null}}, connectionPoolSettings=ConnectionPoolSettings{maxSize=100, minSize=0, maxWaitTimeMS=120000, maxConnectionLifeTimeMS=0, maxConnectionIdleTimeMS=0, maintenanceInitialDelayMS=0, maintenanceFrequencyMS=60000, connectionPoolListeners=[io.micrometer.core.instrument.binder.mongodb.MongoMetricsConnectionPoolListener@40a1b6d4], maxConnecting=2}, serverSettings=ServerSettings{heartbeatFrequencyMS=10000, minHeartbeatFrequencyMS=500, serverMonitoringMode=AUTO, serverListeners='[]', serverMonitorListeners='[]'}, sslSettings=SslSettings{enabled=false, invalidHostNameAllowed=false, context=null}, applicationName='null', compressorList=[], uuidRepresentation=JAVA_LEGACY, serverApi=null, autoEncryptionSettings=null, dnsClient=null, inetAddressResolver=null, contextProvider=null, timeoutMS=null}
2026-01-07T09:22:44.148+01:00  INFO 7060 --- [cruud] [cluster-ClusterId{value='695e17d30e6b5b0c25d40201', description='null'}-localhost:27017] org.mongodb.driver.cluster               : Exception in monitor thread while connecting to server localhost:27017

com.mongodb.MongoSocketReadException: Prematurely reached end of stream
	at com.mongodb.internal.connection.SocketStream.read(SocketStream.java:184) ~[mongodb-driver-core-5.2.1.jar:na]
	at com.mongodb.internal.connection.InternalStreamConnection.receiveResponseBuffers(InternalStreamConnection.java:829) ~[mongodb-driver-core-5.2.1.jar:na]
	at com.mongodb.internal.connection.InternalStreamConnection.receiveCommandMessageResponse(InternalStreamConnection.java:517) ~[mongodb-driver-core-5.2.1.jar:na]
	at com.mongodb.internal.connection.InternalStreamConnection.sendAndReceiveInternal(InternalStreamConnection.java:448) ~[mongodb-driver-core-5.2.1.jar:na]
	at com.mongodb.internal.connection.InternalStreamConnection.lambda$sendAndReceive$0(InternalStreamConnection.java:375) ~[mongodb-driver-core-5.2.1.jar:na]
	at com.mongodb.internal.connection.InternalStreamConnection.sendAndReceive(InternalStreamConnection.java:378) ~[mongodb-driver-core-5.2.1.jar:na]
	at com.mongodb.internal.connection.CommandHelper.sendAndReceive(CommandHelper.java:100) ~[mongodb-driver-core-5.2.1.jar:na]
	at com.mongodb.internal.connection.CommandHelper.executeCommand(CommandHelper.java:49) ~[mongodb-driver-core-5.2.1.jar:na]
	at com.mongodb.internal.connection.InternalStreamConnectionInitializer.initializeConnectionDescription(InternalStreamConnectionInitializer.java:144) ~[mongodb-driver-core-5.2.1.jar:na]
	at com.mongodb.internal.connection.InternalStreamConnectionInitializer.startHandshake(InternalStreamConnectionInitializer.java:79) ~[mongodb-driver-core-5.2.1.jar:na]
	at com.mongodb.internal.connection.InternalStreamConnection.open(InternalStreamConnection.java:235) ~[mongodb-driver-core-5.2.1.jar:na]
	at com.mongodb.internal.connection.DefaultServerMonitor$ServerMonitor.lookupServerDescription(DefaultServerMonitor.java:219) ~[mongodb-driver-core-5.2.1.jar:na]
	at com.mongodb.internal.connection.DefaultServerMonitor$ServerMonitor.run(DefaultServerMonitor.java:176) ~[mongodb-driver-core-5.2.1.jar:na]

2026-01-07T09:22:45.516+01:00  INFO 7060 --- [cruud] [main] org.mongodb.driver.cluster               : Waiting for server to become available for operation with ID 3. Remaining time: 29961 ms. Selector: WritableServerSelector, topology description: {type=UNKNOWN, servers=[{address=localhost:27017, type=UNKNOWN, state=CONNECTING, exception={com.mongodb.MongoSocketReadException: Prematurely reached end of stream}}].
2026-01-07T09:23:09.385+01:00  INFO 7060 --- [cruud] [cluster-ClusterId{value='695e17d30e6b5b0c25d40201', description='null'}-localhost:27017] org.mongodb.driver.cluster               : Monitor thread successfully connected to server with description ServerDescription{address=localhost:27017, type=STANDALONE, cryptd=false, state=CONNECTED, ok=true, minWireVersion=0, maxWireVersion=27, maxDocumentSize=16777216, logicalSessionTimeoutMinutes=30, roundTripTimeNanos=25393900, minRoundTripTimeNanos=0}
2026-01-07T09:23:12.562+01:00  INFO 7060 --- [cruud] [main] o.s.b.a.e.web.EndpointLinksResolver      : Exposing 1 endpoint beneath base path '/actuator'
2026-01-07T09:23:12.873+01:00  INFO 7060 --- [cruud] [main] o.s.b.w.embedded.tomcat.TomcatWebServer  : Tomcat started on port 8090 (http) with context path '/'
2026-01-07T09:23:12.885+01:00  INFO 7060 --- [cruud] [main] o.s.a.r.c.CachingConnectionFactory       : Attempting to connect to: [localhost:5672]
2026-01-07T09:23:13.082+01:00  INFO 7060 --- [cruud] [main] o.s.a.r.c.CachingConnectionFactory       : Created new connection: rabbitConnectionFactory#ad5cffa:0/SimpleConnection@20f6b6e0 [delegate=amqp://admin@127.0.0.1:5672/, localPort=54433]
2026-01-07T09:23:13.287+01:00  INFO 7060 --- [cruud] [main] c.exprivia.nest.cruud.CruudApplication   : Started CruudApplication in 39.893 seconds (process running for 42.696)
2026-01-07T09:23:13.380+01:00 DEBUG 7060 --- [cruud] [org.springframework.amqp.rabbit.RabbitListenerEndpointContainer#0-1] c.e.nest.cruud.handler.RabbitHandler     : Message convert received. Publish convert event...
2026-01-07T09:23:13.380+01:00 DEBUG 7060 --- [cruud] [org.springframework.amqp.rabbit.RabbitListenerEndpointContainer#1-1] c.e.nest.cruud.handler.RabbitHandler     : Message clean received. Publish clean event...
2026-01-07T09:23:13.384+01:00 DEBUG 7060 --- [cruud] [org.springframework.amqp.rabbit.RabbitListenerEndpointContainer#0-1] c.e.nest.cruud.handler.RabbitHandler     : Start convert from csv
2026-01-07T09:23:13.384+01:00 DEBUG 7060 --- [cruud] [org.springframework.amqp.rabbit.RabbitListenerEndpointContainer#1-1] c.e.nest.cruud.handler.RabbitHandler     : Start clean for completed csv...
2026-01-07T09:23:13.385+01:00 DEBUG 7060 --- [cruud] [org.springframework.amqp.rabbit.RabbitListenerEndpointContainer#0-1] c.e.n.cruud.service.ExtractionService    : Extraction Service: getAll
2026-01-07T09:23:13.385+01:00 DEBUG 7060 --- [cruud] [org.springframework.amqp.rabbit.RabbitListenerEndpointContainer#1-1] c.e.n.cruud.service.ExtractionService    : Extraction Service: getAll
